<?xml version="1.0" encoding="UTF-8"?>
<!-- Generated by org.testng.reporters.JUnitReportReporter -->
<testsuite hostname="DESKTOP-M9BLJAP" failures="0" tests="1" name="mytests.MyTestCases" time="2.640" errors="0" timestamp="2025-07-20T19:39:51 EET" skipped="0">
  <testcase classname="mytests.MyTestCases" name="radioButton" time="2.640"/>
</testsuite> <!-- mytests.MyTestCases -->
