<?xml version="1.0" encoding="UTF-8"?>
<!-- Generated by org.testng.reporters.JUnitReportReporter -->
<testsuite hostname="DESKTOP-M9BLJAP" failures="0" tests="2" name="mytests.MyTestCases" time="25.491" errors="0" timestamp="2025-07-23T15:27:47 EET" skipped="1">
  <testcase classname="mytests.MyTestCases" name="booking" time="25.491"/>
  <testcase classname="mytests.MyTestCases" name="fillData">
    <skipped/>
  </testcase> <!-- fillData -->
</testsuite> <!-- mytests.MyTestCases -->
