<?xml version="1.0" encoding="UTF-8"?>
<!-- Generated by org.testng.reporters.JUnitReportReporter -->
<testsuite hostname="DESKTOP-M9BLJAP" failures="0" tests="10" name="Autopractice.Autopractice.MyTestCases" time="10.218" errors="0" timestamp="2025-07-20T18:34:21 EET" skipped="2">
  <testcase classname="Autopractice.Autopractice.MyTestCases" name="radioButton" time="0.204"/>
  <testcase classname="Autopractice.Autopractice.MyTestCases" name="dynamicDropDown" time="1.211"/>
  <testcase classname="Autopractice.Autopractice.MyTestCases" name="checkBox" time="2.108"/>
  <testcase classname="Autopractice.Autopractice.MyTestCases" name="alert" time="0.480"/>
  <testcase classname="Autopractice.Autopractice.MyTestCases" name="table" time="0.101"/>
  <testcase classname="Autopractice.Autopractice.MyTestCases" name="hideAndShow" time="0.452"/>
  <testcase classname="Autopractice.Autopractice.MyTestCases" name="enabledAndDisabled" time="0.336"/>
  <testcase classname="Autopractice.Autopractice.MyTestCases" name="mouseHover" time="5.326"/>
  <testcase classname="Autopractice.Autopractice.MyTestCases" name="openWindowLink">
    <skipped/>
  </testcase> <!-- openWindowLink -->
  <testcase classname="Autopractice.Autopractice.MyTestCases" name="openWindow">
    <skipped/>
  </testcase> <!-- openWindow -->
</testsuite> <!-- Autopractice.Autopractice.MyTestCases -->
